<?xml version="1.0" encoding="UTF-8"?>
<testsuite name="syntax_checker.SymbolTest" tests="1" skipped="0" failures="0" errors="0" timestamp="2020-07-28T18:55:29" hostname="anthony-Aspire-TC-705" time="0.002">
  <properties/>
  <testcase name="testEq" classname="syntax_checker.SymbolTest" time="0.002"/>
  <system-out><![CDATA[]]></system-out>
  <system-err><![CDATA[]]></system-err>
</testsuite>
